[31-Jan-2025 09:55:53 Europe/Berlin] PHP Warning:  Undefined array key "background" in C:\xampp\htdocs\Event\edit_event.php on line 114
[31-Jan-2025 09:55:53 Europe/Berlin] PHP Warning:  Trying to access array offset on value of type null in C:\xampp\htdocs\Event\edit_event.php on line 114
[31-Jan-2025 09:55:53 Europe/Berlin] Error uploading background: 
[31-Jan-2025 09:55:53 Europe/Berlin] PHP Warning:  Undefined array key "music" in C:\xampp\htdocs\Event\edit_event.php on line 130
[31-Jan-2025 09:55:53 Europe/Berlin] PHP Warning:  Trying to access array offset on value of type null in C:\xampp\htdocs\Event\edit_event.php on line 130
[31-Jan-2025 09:55:53 Europe/Berlin] Error uploading music: 
[31-Jan-2025 10:00:11 Europe/Berlin] PHP Warning:  Undefined array key "background" in C:\xampp\htdocs\Event\edit_event.php on line 115
[31-Jan-2025 10:00:11 Europe/Berlin] PHP Warning:  Trying to access array offset on value of type null in C:\xampp\htdocs\Event\edit_event.php on line 115
[31-Jan-2025 10:00:11 Europe/Berlin] Error uploading background: 
[31-Jan-2025 10:00:11 Europe/Berlin] PHP Warning:  Undefined array key "music" in C:\xampp\htdocs\Event\edit_event.php on line 131
[31-Jan-2025 10:00:11 Europe/Berlin] PHP Warning:  Trying to access array offset on value of type null in C:\xampp\htdocs\Event\edit_event.php on line 131
[31-Jan-2025 10:00:11 Europe/Berlin] Error uploading music: 
[31-Jan-2025 10:00:30 Europe/Berlin] PHP Warning:  Undefined array key "background" in C:\xampp\htdocs\Event\edit_event.php on line 115
[31-Jan-2025 10:00:30 Europe/Berlin] PHP Warning:  Trying to access array offset on value of type null in C:\xampp\htdocs\Event\edit_event.php on line 115
[31-Jan-2025 10:00:30 Europe/Berlin] Error uploading background: 
[31-Jan-2025 10:00:30 Europe/Berlin] PHP Warning:  Undefined array key "music" in C:\xampp\htdocs\Event\edit_event.php on line 131
[31-Jan-2025 10:00:30 Europe/Berlin] PHP Warning:  Trying to access array offset on value of type null in C:\xampp\htdocs\Event\edit_event.php on line 131
[31-Jan-2025 10:00:30 Europe/Berlin] Error uploading music: 
[31-Jan-2025 10:00:47 Europe/Berlin] PHP Warning:  Undefined array key "background" in C:\xampp\htdocs\Event\edit_event.php on line 115
[31-Jan-2025 10:00:47 Europe/Berlin] PHP Warning:  Trying to access array offset on value of type null in C:\xampp\htdocs\Event\edit_event.php on line 115
[31-Jan-2025 10:00:47 Europe/Berlin] Error uploading background: 
[31-Jan-2025 10:00:47 Europe/Berlin] PHP Warning:  Undefined array key "music" in C:\xampp\htdocs\Event\edit_event.php on line 131
[31-Jan-2025 10:00:47 Europe/Berlin] PHP Warning:  Trying to access array offset on value of type null in C:\xampp\htdocs\Event\edit_event.php on line 131
[31-Jan-2025 10:00:47 Europe/Berlin] Error uploading music: 
[31-Jan-2025 10:01:29 Europe/Berlin] PHP Warning:  Undefined array key "background" in C:\xampp\htdocs\Event\edit_event.php on line 115
[31-Jan-2025 10:01:29 Europe/Berlin] PHP Warning:  Trying to access array offset on value of type null in C:\xampp\htdocs\Event\edit_event.php on line 115
[31-Jan-2025 10:01:29 Europe/Berlin] Error uploading background: 
[31-Jan-2025 10:01:29 Europe/Berlin] PHP Warning:  Undefined array key "music" in C:\xampp\htdocs\Event\edit_event.php on line 131
[31-Jan-2025 10:01:29 Europe/Berlin] PHP Warning:  Trying to access array offset on value of type null in C:\xampp\htdocs\Event\edit_event.php on line 131
[31-Jan-2025 10:01:29 Europe/Berlin] Error uploading music: 
[31-Jan-2025 10:01:36 Europe/Berlin] PHP Warning:  Undefined array key "background" in C:\xampp\htdocs\Event\edit_event.php on line 115
[31-Jan-2025 10:01:36 Europe/Berlin] PHP Warning:  Trying to access array offset on value of type null in C:\xampp\htdocs\Event\edit_event.php on line 115
[31-Jan-2025 10:01:36 Europe/Berlin] Error uploading background: 
[31-Jan-2025 10:01:36 Europe/Berlin] PHP Warning:  Undefined array key "music" in C:\xampp\htdocs\Event\edit_event.php on line 131
[31-Jan-2025 10:01:36 Europe/Berlin] PHP Warning:  Trying to access array offset on value of type null in C:\xampp\htdocs\Event\edit_event.php on line 131
[31-Jan-2025 10:01:36 Europe/Berlin] Error uploading music: 
[31-Jan-2025 10:07:12 Europe/Berlin] PHP Warning:  Undefined array key "background" in C:\xampp\htdocs\Event\edit_event.php on line 115
[31-Jan-2025 10:07:12 Europe/Berlin] PHP Warning:  Trying to access array offset on value of type null in C:\xampp\htdocs\Event\edit_event.php on line 115
[31-Jan-2025 10:07:12 Europe/Berlin] Error uploading background: 
[31-Jan-2025 10:07:12 Europe/Berlin] PHP Warning:  Undefined array key "music" in C:\xampp\htdocs\Event\edit_event.php on line 131
[31-Jan-2025 10:07:12 Europe/Berlin] PHP Warning:  Trying to access array offset on value of type null in C:\xampp\htdocs\Event\edit_event.php on line 131
[31-Jan-2025 10:07:12 Europe/Berlin] Error uploading music: 
[01-Feb-2025 03:08:46 Europe/Berlin] PHP Warning:  Undefined array key "background" in C:\xampp\htdocs\Event\edit_event.php on line 115
[01-Feb-2025 03:08:46 Europe/Berlin] PHP Warning:  Trying to access array offset on value of type null in C:\xampp\htdocs\Event\edit_event.php on line 115
[01-Feb-2025 03:08:46 Europe/Berlin] Error uploading background: 
[01-Feb-2025 03:50:48 Europe/Berlin] PHP Warning:  Undefined array key "background" in C:\xampp\htdocs\Event\edit_event.php on line 115
[01-Feb-2025 03:50:48 Europe/Berlin] PHP Warning:  Trying to access array offset on value of type null in C:\xampp\htdocs\Event\edit_event.php on line 115
[01-Feb-2025 03:50:48 Europe/Berlin] Error uploading background: 
[01-Feb-2025 03:50:48 Europe/Berlin] PHP Warning:  Undefined array key "music" in C:\xampp\htdocs\Event\edit_event.php on line 131
[01-Feb-2025 03:50:48 Europe/Berlin] PHP Warning:  Trying to access array offset on value of type null in C:\xampp\htdocs\Event\edit_event.php on line 131
[01-Feb-2025 03:50:48 Europe/Berlin] Error uploading music: 
[01-Feb-2025 03:50:49 Europe/Berlin] PHP Warning:  Undefined array key "background" in C:\xampp\htdocs\Event\edit_event.php on line 115
[01-Feb-2025 03:50:49 Europe/Berlin] PHP Warning:  Trying to access array offset on value of type null in C:\xampp\htdocs\Event\edit_event.php on line 115
[01-Feb-2025 03:50:49 Europe/Berlin] Error uploading background: 
[01-Feb-2025 03:50:49 Europe/Berlin] PHP Warning:  Undefined array key "music" in C:\xampp\htdocs\Event\edit_event.php on line 131
[01-Feb-2025 03:50:49 Europe/Berlin] PHP Warning:  Trying to access array offset on value of type null in C:\xampp\htdocs\Event\edit_event.php on line 131
[01-Feb-2025 03:50:49 Europe/Berlin] Error uploading music: 
[01-Feb-2025 03:51:03 Europe/Berlin] PHP Warning:  Undefined array key "background" in C:\xampp\htdocs\Event\edit_event.php on line 115
[01-Feb-2025 03:51:03 Europe/Berlin] PHP Warning:  Trying to access array offset on value of type null in C:\xampp\htdocs\Event\edit_event.php on line 115
[01-Feb-2025 03:51:03 Europe/Berlin] Error uploading background: 
[01-Feb-2025 03:51:03 Europe/Berlin] PHP Warning:  Undefined array key "music" in C:\xampp\htdocs\Event\edit_event.php on line 131
[01-Feb-2025 03:51:03 Europe/Berlin] PHP Warning:  Trying to access array offset on value of type null in C:\xampp\htdocs\Event\edit_event.php on line 131
[01-Feb-2025 03:51:03 Europe/Berlin] Error uploading music: 
[01-Feb-2025 03:51:04 Europe/Berlin] PHP Warning:  Undefined array key "background" in C:\xampp\htdocs\Event\edit_event.php on line 115
[01-Feb-2025 03:51:04 Europe/Berlin] PHP Warning:  Trying to access array offset on value of type null in C:\xampp\htdocs\Event\edit_event.php on line 115
[01-Feb-2025 03:51:04 Europe/Berlin] Error uploading background: 
[01-Feb-2025 03:51:04 Europe/Berlin] PHP Warning:  Undefined array key "music" in C:\xampp\htdocs\Event\edit_event.php on line 131
[01-Feb-2025 03:51:04 Europe/Berlin] PHP Warning:  Trying to access array offset on value of type null in C:\xampp\htdocs\Event\edit_event.php on line 131
[01-Feb-2025 03:51:04 Europe/Berlin] Error uploading music: 
[01-Feb-2025 04:14:05 Europe/Berlin] PHP Warning:  Undefined array key "background" in C:\xampp\htdocs\Event\edit_event.php on line 115
[01-Feb-2025 04:14:05 Europe/Berlin] PHP Warning:  Trying to access array offset on value of type null in C:\xampp\htdocs\Event\edit_event.php on line 115
[01-Feb-2025 04:14:05 Europe/Berlin] Error uploading background: 
[01-Feb-2025 04:14:05 Europe/Berlin] PHP Warning:  Undefined array key "music" in C:\xampp\htdocs\Event\edit_event.php on line 131
[01-Feb-2025 04:14:05 Europe/Berlin] PHP Warning:  Trying to access array offset on value of type null in C:\xampp\htdocs\Event\edit_event.php on line 131
[01-Feb-2025 04:14:05 Europe/Berlin] Error uploading music: 
[01-Feb-2025 04:14:06 Europe/Berlin] PHP Warning:  Undefined array key "background" in C:\xampp\htdocs\Event\edit_event.php on line 115
[01-Feb-2025 04:14:06 Europe/Berlin] PHP Warning:  Trying to access array offset on value of type null in C:\xampp\htdocs\Event\edit_event.php on line 115
[01-Feb-2025 04:14:06 Europe/Berlin] Error uploading background: 
[01-Feb-2025 04:14:06 Europe/Berlin] PHP Warning:  Undefined array key "music" in C:\xampp\htdocs\Event\edit_event.php on line 131
[01-Feb-2025 04:14:06 Europe/Berlin] PHP Warning:  Trying to access array offset on value of type null in C:\xampp\htdocs\Event\edit_event.php on line 131
[01-Feb-2025 04:14:06 Europe/Berlin] Error uploading music: 
[01-Feb-2025 04:14:13 Europe/Berlin] PHP Warning:  Undefined array key "background" in C:\xampp\htdocs\Event\edit_event.php on line 115
[01-Feb-2025 04:14:13 Europe/Berlin] PHP Warning:  Trying to access array offset on value of type null in C:\xampp\htdocs\Event\edit_event.php on line 115
[01-Feb-2025 04:14:13 Europe/Berlin] Error uploading background: 
[01-Feb-2025 04:14:13 Europe/Berlin] PHP Warning:  Undefined array key "music" in C:\xampp\htdocs\Event\edit_event.php on line 131
[01-Feb-2025 04:14:13 Europe/Berlin] PHP Warning:  Trying to access array offset on value of type null in C:\xampp\htdocs\Event\edit_event.php on line 131
[01-Feb-2025 04:14:13 Europe/Berlin] Error uploading music: 
[01-Feb-2025 04:14:14 Europe/Berlin] PHP Warning:  Undefined array key "background" in C:\xampp\htdocs\Event\edit_event.php on line 115
[01-Feb-2025 04:14:14 Europe/Berlin] PHP Warning:  Trying to access array offset on value of type null in C:\xampp\htdocs\Event\edit_event.php on line 115
[01-Feb-2025 04:14:14 Europe/Berlin] Error uploading background: 
[01-Feb-2025 04:14:14 Europe/Berlin] PHP Warning:  Undefined array key "music" in C:\xampp\htdocs\Event\edit_event.php on line 131
[01-Feb-2025 04:14:14 Europe/Berlin] PHP Warning:  Trying to access array offset on value of type null in C:\xampp\htdocs\Event\edit_event.php on line 131
[01-Feb-2025 04:14:14 Europe/Berlin] Error uploading music: 
[01-Feb-2025 04:20:02 Europe/Berlin] PHP Warning:  Undefined array key "background" in C:\xampp\htdocs\Event\edit_event.php on line 115
[01-Feb-2025 04:20:02 Europe/Berlin] PHP Warning:  Trying to access array offset on value of type null in C:\xampp\htdocs\Event\edit_event.php on line 115
[01-Feb-2025 04:20:02 Europe/Berlin] Error uploading background: 
[01-Feb-2025 04:20:02 Europe/Berlin] PHP Warning:  Undefined array key "music" in C:\xampp\htdocs\Event\edit_event.php on line 131
[01-Feb-2025 04:20:02 Europe/Berlin] PHP Warning:  Trying to access array offset on value of type null in C:\xampp\htdocs\Event\edit_event.php on line 131
[01-Feb-2025 04:20:02 Europe/Berlin] Error uploading music: 
[01-Feb-2025 04:20:04 Europe/Berlin] PHP Warning:  Undefined array key "background" in C:\xampp\htdocs\Event\edit_event.php on line 115
[01-Feb-2025 04:20:04 Europe/Berlin] PHP Warning:  Trying to access array offset on value of type null in C:\xampp\htdocs\Event\edit_event.php on line 115
[01-Feb-2025 04:20:04 Europe/Berlin] Error uploading background: 
[01-Feb-2025 04:20:04 Europe/Berlin] PHP Warning:  Undefined array key "music" in C:\xampp\htdocs\Event\edit_event.php on line 131
[01-Feb-2025 04:20:04 Europe/Berlin] PHP Warning:  Trying to access array offset on value of type null in C:\xampp\htdocs\Event\edit_event.php on line 131
[01-Feb-2025 04:20:04 Europe/Berlin] Error uploading music: 
[01-Feb-2025 04:20:29 Europe/Berlin] PHP Warning:  Undefined array key "background" in C:\xampp\htdocs\Event\edit_event.php on line 115
[01-Feb-2025 04:20:29 Europe/Berlin] PHP Warning:  Trying to access array offset on value of type null in C:\xampp\htdocs\Event\edit_event.php on line 115
[01-Feb-2025 04:20:29 Europe/Berlin] Error uploading background: 
[01-Feb-2025 04:20:29 Europe/Berlin] PHP Warning:  Undefined array key "music" in C:\xampp\htdocs\Event\edit_event.php on line 131
[01-Feb-2025 04:20:29 Europe/Berlin] PHP Warning:  Trying to access array offset on value of type null in C:\xampp\htdocs\Event\edit_event.php on line 131
[01-Feb-2025 04:20:29 Europe/Berlin] Error uploading music: 
[01-Feb-2025 04:20:30 Europe/Berlin] PHP Warning:  Undefined array key "background" in C:\xampp\htdocs\Event\edit_event.php on line 115
[01-Feb-2025 04:20:30 Europe/Berlin] PHP Warning:  Trying to access array offset on value of type null in C:\xampp\htdocs\Event\edit_event.php on line 115
[01-Feb-2025 04:20:30 Europe/Berlin] Error uploading background: 
[01-Feb-2025 04:20:30 Europe/Berlin] PHP Warning:  Undefined array key "music" in C:\xampp\htdocs\Event\edit_event.php on line 131
[01-Feb-2025 04:20:30 Europe/Berlin] PHP Warning:  Trying to access array offset on value of type null in C:\xampp\htdocs\Event\edit_event.php on line 131
[01-Feb-2025 04:20:30 Europe/Berlin] Error uploading music: 
[01-Feb-2025 11:58:29 Europe/Berlin] PHP Warning:  Undefined array key "background" in C:\xampp\htdocs\Event\edit_event.php on line 115
[01-Feb-2025 11:58:29 Europe/Berlin] PHP Warning:  Trying to access array offset on value of type null in C:\xampp\htdocs\Event\edit_event.php on line 115
[01-Feb-2025 11:58:29 Europe/Berlin] Error uploading background: 
[01-Feb-2025 11:58:29 Europe/Berlin] PHP Warning:  Undefined array key "music" in C:\xampp\htdocs\Event\edit_event.php on line 131
[01-Feb-2025 11:58:29 Europe/Berlin] PHP Warning:  Trying to access array offset on value of type null in C:\xampp\htdocs\Event\edit_event.php on line 131
[01-Feb-2025 11:58:29 Europe/Berlin] Error uploading music: 
